[2018-07-30 06:28:46.922][debug][command:e7360b77-6137-4b21-9f55-7ba072341b31][tid:13][com.facebook.buck.event.listener.SuperConsoleEventBusListener] Starting render scheduler (interval 100 ms)
[2018-07-30 06:28:46.927][debug][command:null][tid:214][com.google.common.util.concurrent.ServiceManager] Starting PerfStatsTracking [RUNNING].
[2018-07-30 06:28:46.927][debug][command:null][tid:214][com.google.common.util.concurrent.ServiceManager] Starting PerfStatsTracking [RUNNING].
[2018-07-30 06:28:46.928][debug][command:null][tid:214][com.google.common.util.concurrent.ServiceManager] Started PerfStatsTracking [RUNNING] in 1.296 ms.
[2018-07-30 06:28:46.928][debug][command:null][tid:214][com.google.common.util.concurrent.ServiceManager] Started PerfStatsTracking [RUNNING] in 1.296 ms.
[2018-07-30 06:28:46.930][debug][command:e7360b77-6137-4b21-9f55-7ba072341b31][tid:13][com.google.common.util.concurrent.ServiceManager] Starting ProcessTracker [STARTING].
[2018-07-30 06:28:46.931][debug][command:null][tid:215][com.facebook.buck.util.perf.ProcessTracker] startUp
[2018-07-30 06:28:46.931][debug][command:null][tid:215][com.facebook.buck.util.perf.ProcessTracker] startUp
[2018-07-30 06:28:46.932][debug][command:e7360b77-6137-4b21-9f55-7ba072341b31][tid:13][com.facebook.buck.util.environment.MacWifiSsidFinder] Getting current SSID..
[2018-07-30 06:28:46.932][debug][command:null][tid:215][com.google.common.util.concurrent.ServiceManager] Started ProcessTracker [RUNNING] in 2.224 ms.
[2018-07-30 06:28:46.932][debug][command:null][tid:215][com.google.common.util.concurrent.ServiceManager] Started ProcessTracker [RUNNING] in 2.224 ms.
[2018-07-30 06:28:46.933][debug][command:e7360b77-6137-4b21-9f55-7ba072341b31][tid:13][com.facebook.buck.util.environment.MacWifiSsidFinder] Getting SSID from Wi-Fi interface: <CWInterface: 0x7ff8aaa12770> [interfaceName=en0]
[2018-07-30 06:28:46.933][debug][command:e7360b77-6137-4b21-9f55-7ba072341b31][tid:13][com.facebook.buck.util.environment.MacWifiSsidFinder] Found SSID: W04_5001D9ED9BB3
[2018-07-30 06:28:46.933][debug][command:e7360b77-6137-4b21-9f55-7ba072341b31][tid:13][com.facebook.buck.cli.Main] InvocationInfo BuildId=[e7360b77-6137-4b21-9f55-7ba072341b31] Args=[build, //app:bin_debug]
[2018-07-30 06:28:46.940][warn ][command:e7360b77-6137-4b21-9f55-7ba072341b31][tid:13][com.facebook.buck.event.listener.PublicAnnouncementManager] Failed to get public announcements. Reason: Failed to establish connection to server.
[2018-07-30 06:28:46.942][info ][command:null][tid:219][com.facebook.buck.util.versioncontrol.VersionControlStatsGenerator] Starting generation of version control stats.
[2018-07-30 06:28:46.942][info ][command:null][tid:219][com.facebook.buck.util.versioncontrol.VersionControlStatsGenerator] Starting generation of version control stats.
[2018-07-30 06:28:46.942][debug][command:null][tid:219][com.facebook.buck.util.versioncontrol.VersionControlCmdLineInterface] Executing command: hg log -l 1 --template {node|short}
[2018-07-30 06:28:46.942][debug][command:null][tid:219][com.facebook.buck.util.versioncontrol.VersionControlCmdLineInterface] Executing command: hg log -l 1 --template {node|short}
[2018-07-30 06:28:46.944][warn ][command:e7360b77-6137-4b21-9f55-7ba072341b31][tid:220][com.facebook.buck.event.listener.AbstractConsoleEventBusListener] Command.Started event received at 1532899726944
[2018-07-30 06:28:46.944][warn ][command:e7360b77-6137-4b21-9f55-7ba072341b31][tid:220][com.facebook.buck.event.listener.AbstractConsoleEventBusListener] Command.Started event done processing at 1532899726944
[2018-07-30 06:28:46.947][debug][command:null][tid:224][com.facebook.buck.io.WatchmanTransportClient] Sending query: [query, /Users/jack/Downloads/test, {since=c:1532259872:486:6:210, expression=[not, [anyof, [type, d], [dirname, .idea], [dirname, .buckd], [dirname, buck-out/cache], [dirname, buck-out/.trash], [dirname, buck-out], [match, **/*.pbxproj, wholename, {includedotfiles=true}], [match, **/*.xcscheme, wholename, {includedotfiles=true}], [match, **/*.xcworkspacedata, wholename, {includedotfiles=true}], [match, **/*~, wholename, {includedotfiles=true}], [match, **/#*#, wholename, {includedotfiles=true}], [match, **/.#*, wholename, {includedotfiles=true}], [match, **/*.swo, wholename, {includedotfiles=true}], [match, **/*.swp, wholename, {includedotfiles=true}], [match, **/*.swpx, wholename, {includedotfiles=true}], [match, **/*.un~, wholename, {includedotfiles=true}], [match, **/.netrhwist, wholename, {includedotfiles=true}], [match, .idea, wholename, {includedotfiles=true}], [match, .iml, wholename, {includedotfiles=true}], [match, **/*.pydevproject, wholename, {includedotfiles=true}], [match, .project, wholename, {includedotfiles=true}], [match, .metadata, wholename, {includedotfiles=true}], [match, **/*.tmp, wholename, {includedotfiles=true}], [match, **/*.bak, wholename, {includedotfiles=true}], [match, **/*~.nib, wholename, {includedotfiles=true}], [match, .classpath, wholename, {includedotfiles=true}], [match, .settings, wholename, {includedotfiles=true}], [match, .loadpath, wholename, {includedotfiles=true}], [match, .externalToolBuilders, wholename, {includedotfiles=true}], [match, .cproject, wholename, {includedotfiles=true}], [match, .buildpath, wholename, {includedotfiles=true}], [match, .DS_Store, wholename, {includedotfiles=true}], [match, .AppleDouble, wholename, {includedotfiles=true}], [match, .LSOverride, wholename, {includedotfiles=true}], [match, .Spotlight-V100, wholename, {includedotfiles=true}], [match, .Trashes, wholename, {includedotfiles=true}], [match, $RECYCLE.BIN, wholename, {includedotfiles=true}], [match, .*.sublime-workspace, wholename, {includedotfiles=true}]]], empty_on_fresh_instance=true, fields=[name, exists, new]}]
[2018-07-30 06:28:46.947][debug][command:null][tid:224][com.facebook.buck.io.WatchmanTransportClient] Sending query: [query, /Users/jack/Downloads/test, {since=c:1532259872:486:6:210, expression=[not, [anyof, [type, d], [dirname, .idea], [dirname, .buckd], [dirname, buck-out/cache], [dirname, buck-out/.trash], [dirname, buck-out], [match, **/*.pbxproj, wholename, {includedotfiles=true}], [match, **/*.xcscheme, wholename, {includedotfiles=true}], [match, **/*.xcworkspacedata, wholename, {includedotfiles=true}], [match, **/*~, wholename, {includedotfiles=true}], [match, **/#*#, wholename, {includedotfiles=true}], [match, **/.#*, wholename, {includedotfiles=true}], [match, **/*.swo, wholename, {includedotfiles=true}], [match, **/*.swp, wholename, {includedotfiles=true}], [match, **/*.swpx, wholename, {includedotfiles=true}], [match, **/*.un~, wholename, {includedotfiles=true}], [match, **/.netrhwist, wholename, {includedotfiles=true}], [match, .idea, wholename, {includedotfiles=true}], [match, .iml, wholename, {includedotfiles=true}], [match, **/*.pydevproject, wholename, {includedotfiles=true}], [match, .project, wholename, {includedotfiles=true}], [match, .metadata, wholename, {includedotfiles=true}], [match, **/*.tmp, wholename, {includedotfiles=true}], [match, **/*.bak, wholename, {includedotfiles=true}], [match, **/*~.nib, wholename, {includedotfiles=true}], [match, .classpath, wholename, {includedotfiles=true}], [match, .settings, wholename, {includedotfiles=true}], [match, .loadpath, wholename, {includedotfiles=true}], [match, .externalToolBuilders, wholename, {includedotfiles=true}], [match, .cproject, wholename, {includedotfiles=true}], [match, .buildpath, wholename, {includedotfiles=true}], [match, .DS_Store, wholename, {includedotfiles=true}], [match, .AppleDouble, wholename, {includedotfiles=true}], [match, .LSOverride, wholename, {includedotfiles=true}], [match, .Spotlight-V100, wholename, {includedotfiles=true}], [match, .Trashes, wholename, {includedotfiles=true}], [match, $RECYCLE.BIN, wholename, {includedotfiles=true}], [match, .*.sublime-workspace, wholename, {includedotfiles=true}]]], empty_on_fresh_instance=true, fields=[name, exists, new]}]
[2018-07-30 06:28:46.960][warn ][command:null][tid:219][com.facebook.buck.util.versioncontrol.DelegatingVersionControlCmdLineInterface] Mercurial is the only VCS supported for VCS stats generation, however current project (which has enabled VCS stats generation in its .buckconfig) does not appear to be a Mercurial repository: 
com.facebook.buck.util.versioncontrol.VersionControlCommandFailedException: java.io.IOException: Cannot run program "hg" (in directory "/Users/jack/Downloads/test"): error=2, No such file or directory
[2018-07-30 06:28:46.960][warn ][command:null][tid:219][com.facebook.buck.util.versioncontrol.DelegatingVersionControlCmdLineInterface] Mercurial is the only VCS supported for VCS stats generation, however current project (which has enabled VCS stats generation in its .buckconfig) does not appear to be a Mercurial repository: 
com.facebook.buck.util.versioncontrol.VersionControlCommandFailedException: java.io.IOException: Cannot run program "hg" (in directory "/Users/jack/Downloads/test"): error=2, No such file or directory
[2018-07-30 06:28:46.960][debug][command:null][tid:219][com.facebook.buck.util.versioncontrol.DelegatingVersionControlCmdLineInterface] Using NoOpCmdLineInterface.
[2018-07-30 06:28:46.960][debug][command:null][tid:219][com.facebook.buck.util.versioncontrol.DelegatingVersionControlCmdLineInterface] Using NoOpCmdLineInterface.
[2018-07-30 06:28:46.960][warn ][command:null][tid:219][com.facebook.buck.util.versioncontrol.VersionControlStatsGenerator] Skipping generation of version control stats as unsupported repository type.
[2018-07-30 06:28:46.960][warn ][command:null][tid:219][com.facebook.buck.util.versioncontrol.VersionControlStatsGenerator] Skipping generation of version control stats as unsupported repository type.
[2018-07-30 06:28:46.961][debug][command:null][tid:219][com.facebook.buck.util.environment.MacNetworkConfiguration] Determine network service order and extract device names
[2018-07-30 06:28:46.961][debug][command:null][tid:219][com.facebook.buck.util.environment.MacNetworkConfiguration] Determine network service order and extract device names
[2018-07-30 06:28:46.961][debug][command:null][tid:219][com.facebook.buck.util.ListeningProcessExecutor] Launching process with params ProcessExecutorParams{command=[networksetup, -listnetworkserviceorder, ]}
[2018-07-30 06:28:46.961][debug][command:null][tid:219][com.facebook.buck.util.ListeningProcessExecutor] Launching process with params ProcessExecutorParams{command=[networksetup, -listnetworkserviceorder, ]}
[2018-07-30 06:28:46.967][debug][command:null][tid:219][com.facebook.buck.util.ListeningProcessExecutor] Successfully launched process com.zaxxer.nuprocess.osx.OsxProcess@564472ff
[2018-07-30 06:28:46.967][debug][command:null][tid:219][com.facebook.buck.util.ListeningProcessExecutor] Successfully launched process com.zaxxer.nuprocess.osx.OsxProcess@564472ff
[2018-07-30 06:28:46.968][debug][command:null][tid:223][com.facebook.buck.io.WatchmanTransportClient] Query [query, /Users/jack/Downloads/test, {since=c:1532259872:486:6:210, expression=[not, [anyof, [type, d], [dirname, .idea], [dirname, .buckd], [dirname, buck-out/cache], [dirname, buck-out/.trash], [dirname, buck-out], [match, **/*.pbxproj, wholename, {includedotfiles=true}], [match, **/*.xcscheme, wholename, {includedotfiles=true}], [match, **/*.xcworkspacedata, wholename, {includedotfiles=true}], [match, **/*~, wholename, {includedotfiles=true}], [match, **/#*#, wholename, {includedotfiles=true}], [match, **/.#*, wholename, {includedotfiles=true}], [match, **/*.swo, wholename, {includedotfiles=true}], [match, **/*.swp, wholename, {includedotfiles=true}], [match, **/*.swpx, wholename, {includedotfiles=true}], [match, **/*.un~, wholename, {includedotfiles=true}], [match, **/.netrhwist, wholename, {includedotfiles=true}], [match, .idea, wholename, {includedotfiles=true}], [match, .iml, wholename, {includedotfiles=true}], [match, **/*.pydevproject, wholename, {includedotfiles=true}], [match, .project, wholename, {includedotfiles=true}], [match, .metadata, wholename, {includedotfiles=true}], [match, **/*.tmp, wholename, {includedotfiles=true}], [match, **/*.bak, wholename, {includedotfiles=true}], [match, **/*~.nib, wholename, {includedotfiles=true}], [match, .classpath, wholename, {includedotfiles=true}], [match, .settings, wholename, {includedotfiles=true}], [match, .loadpath, wholename, {includedotfiles=true}], [match, .externalToolBuilders, wholename, {includedotfiles=true}], [match, .cproject, wholename, {includedotfiles=true}], [match, .buildpath, wholename, {includedotfiles=true}], [match, .DS_Store, wholename, {includedotfiles=true}], [match, .AppleDouble, wholename, {includedotfiles=true}], [match, .LSOverride, wholename, {includedotfiles=true}], [match, .Spotlight-V100, wholename, {includedotfiles=true}], [match, .Trashes, wholename, {includedotfiles=true}], [match, $RECYCLE.BIN, wholename, {includedotfiles=true}], [match, .*.sublime-workspace, wholename, {includedotfiles=true}]]], empty_on_fresh_instance=true, fields=[name, exists, new]}] returned in 21 ms
[2018-07-30 06:28:46.968][debug][command:null][tid:223][com.facebook.buck.io.WatchmanTransportClient] Query [query, /Users/jack/Downloads/test, {since=c:1532259872:486:6:210, expression=[not, [anyof, [type, d], [dirname, .idea], [dirname, .buckd], [dirname, buck-out/cache], [dirname, buck-out/.trash], [dirname, buck-out], [match, **/*.pbxproj, wholename, {includedotfiles=true}], [match, **/*.xcscheme, wholename, {includedotfiles=true}], [match, **/*.xcworkspacedata, wholename, {includedotfiles=true}], [match, **/*~, wholename, {includedotfiles=true}], [match, **/#*#, wholename, {includedotfiles=true}], [match, **/.#*, wholename, {includedotfiles=true}], [match, **/*.swo, wholename, {includedotfiles=true}], [match, **/*.swp, wholename, {includedotfiles=true}], [match, **/*.swpx, wholename, {includedotfiles=true}], [match, **/*.un~, wholename, {includedotfiles=true}], [match, **/.netrhwist, wholename, {includedotfiles=true}], [match, .idea, wholename, {includedotfiles=true}], [match, .iml, wholename, {includedotfiles=true}], [match, **/*.pydevproject, wholename, {includedotfiles=true}], [match, .project, wholename, {includedotfiles=true}], [match, .metadata, wholename, {includedotfiles=true}], [match, **/*.tmp, wholename, {includedotfiles=true}], [match, **/*.bak, wholename, {includedotfiles=true}], [match, **/*~.nib, wholename, {includedotfiles=true}], [match, .classpath, wholename, {includedotfiles=true}], [match, .settings, wholename, {includedotfiles=true}], [match, .loadpath, wholename, {includedotfiles=true}], [match, .externalToolBuilders, wholename, {includedotfiles=true}], [match, .cproject, wholename, {includedotfiles=true}], [match, .buildpath, wholename, {includedotfiles=true}], [match, .DS_Store, wholename, {includedotfiles=true}], [match, .AppleDouble, wholename, {includedotfiles=true}], [match, .LSOverride, wholename, {includedotfiles=true}], [match, .Spotlight-V100, wholename, {includedotfiles=true}], [match, .Trashes, wholename, {includedotfiles=true}], [match, $RECYCLE.BIN, wholename, {includedotfiles=true}], [match, .*.sublime-workspace, wholename, {includedotfiles=true}]]], empty_on_fresh_instance=true, fields=[name, exists, new]}] returned in 21 ms
[2018-07-30 06:28:46.968][debug][command:null][tid:223][com.facebook.buck.io.WatchmanWatcher] Updating Watchman Cursor from c:1532259872:486:6:210 to c:1532259872:486:6:217
[2018-07-30 06:28:46.968][debug][command:null][tid:223][com.facebook.buck.io.WatchmanWatcher] Updating Watchman Cursor from c:1532259872:486:6:210 to c:1532259872:486:6:217
[2018-07-30 06:28:46.968][debug][command:null][tid:219][com.facebook.buck.util.ListeningProcessExecutor] Waiting for process com.facebook.buck.util.ListeningProcessExecutor$LaunchedProcessImpl@527becef timeout 1000 MILLISECONDS
[2018-07-30 06:28:46.968][debug][command:null][tid:219][com.facebook.buck.util.ListeningProcessExecutor] Waiting for process com.facebook.buck.util.ListeningProcessExecutor$LaunchedProcessImpl@527becef timeout 1000 MILLISECONDS
[2018-07-30 06:28:46.968][debug][command:null][tid:223][com.facebook.buck.io.WatchmanWatcher] Posted 0 Watchman events.
[2018-07-30 06:28:46.968][debug][command:null][tid:223][com.facebook.buck.io.WatchmanWatcher] Posted 0 Watchman events.
[2018-07-30 06:28:46.968][debug][command:null][tid:223][com.facebook.buck.io.WatchmanTransportClient] Closing Watchman transport.
[2018-07-30 06:28:46.968][debug][command:null][tid:223][com.facebook.buck.io.WatchmanTransportClient] Closing Watchman transport.
[2018-07-30 06:28:46.970][info ][command:e7360b77-6137-4b21-9f55-7ba072341b31][tid:220][com.facebook.buck.event.listener.LoggingBuildListener] Build started at 2018-07-30 06:28:46.970
[2018-07-30 06:28:47.003][info ][command:e7360b77-6137-4b21-9f55-7ba072341b31][tid:13][com.facebook.buck.core.model.actiongraph.computation.ActionGraphCache] ActionGraph cache hit.
[2018-07-30 06:28:47.003][debug][command:e7360b77-6137-4b21-9f55-7ba072341b31][tid:220][com.facebook.buck.event.listener.SuperConsoleEventBusListener] Action graph cache hit: Watchman reported no changes
[2018-07-30 06:28:47.004][debug][command:e7360b77-6137-4b21-9f55-7ba072341b31][tid:13][com.facebook.buck.core.build.engine.impl.MetadataChecker] Checking metadata_storage for /Users/jack/Downloads/test
[2018-07-30 06:28:47.008][debug][command:null][tid:219][com.facebook.buck.util.ListeningProcessExecutor] Wait for process returned 0
[2018-07-30 06:28:47.008][debug][command:null][tid:219][com.facebook.buck.util.ListeningProcessExecutor] Wait for process returned 0
[2018-07-30 06:28:47.008][debug][command:null][tid:219][com.facebook.buck.util.ListeningProcessExecutor] Destroying process com.facebook.buck.util.ListeningProcessExecutor$LaunchedProcessImpl@527becef (force true)
[2018-07-30 06:28:47.008][debug][command:null][tid:219][com.facebook.buck.util.ListeningProcessExecutor] Destroying process com.facebook.buck.util.ListeningProcessExecutor$LaunchedProcessImpl@527becef (force true)
[2018-07-30 06:28:47.008][debug][command:null][tid:219][com.facebook.buck.util.environment.MacNetworkConfiguration] Determine active state of media for device
[2018-07-30 06:28:47.008][debug][command:null][tid:219][com.facebook.buck.util.environment.MacNetworkConfiguration] Determine active state of media for device
[2018-07-30 06:28:47.009][debug][command:null][tid:219][com.facebook.buck.util.ListeningProcessExecutor] Launching process with params ProcessExecutorParams{command=[networksetup, -getMedia, en0]}
[2018-07-30 06:28:47.009][debug][command:null][tid:219][com.facebook.buck.util.ListeningProcessExecutor] Launching process with params ProcessExecutorParams{command=[networksetup, -getMedia, en0]}
[2018-07-30 06:28:47.026][debug][command:null][tid:219][com.facebook.buck.util.ListeningProcessExecutor] Successfully launched process com.zaxxer.nuprocess.osx.OsxProcess@177978c4
[2018-07-30 06:28:47.026][debug][command:null][tid:219][com.facebook.buck.util.ListeningProcessExecutor] Successfully launched process com.zaxxer.nuprocess.osx.OsxProcess@177978c4
[2018-07-30 06:28:47.027][debug][command:null][tid:219][com.facebook.buck.util.ListeningProcessExecutor] Waiting for process com.facebook.buck.util.ListeningProcessExecutor$LaunchedProcessImpl@5382aacb timeout 1000 MILLISECONDS
[2018-07-30 06:28:47.027][debug][command:null][tid:219][com.facebook.buck.util.ListeningProcessExecutor] Waiting for process com.facebook.buck.util.ListeningProcessExecutor$LaunchedProcessImpl@5382aacb timeout 1000 MILLISECONDS
[2018-07-30 06:28:47.031][debug][command:e7360b77-6137-4b21-9f55-7ba072341b31][tid:227][com.facebook.buck.core.build.engine.cache.manager.BuildCacheArtifactFetcher] Cache miss for '//app:bin_debug' with rulekey '207855106ca3fe37b76154242c54469ed951b787'
[2018-07-30 06:28:47.037][debug][command:e7360b77-6137-4b21-9f55-7ba072341b31][tid:226][com.facebook.buck.core.build.engine.cache.manager.BuildCacheArtifactFetcher] Cache miss for '//app:bin_debug#d8,dex_merge' with rulekey '00e5ad354f930656c27cb61ed7c246b1df923e7d'
[2018-07-30 06:28:47.037][debug][command:e7360b77-6137-4b21-9f55-7ba072341b31][tid:229][com.facebook.buck.core.build.engine.cache.manager.BuildCacheArtifactFetcher] Cache miss for '//app:bin_debug#merge_assets' with rulekey '6bd69aa393f8922a6f1dc30c45e041c0d17d2068'
[2018-07-30 06:28:47.037][debug][command:e7360b77-6137-4b21-9f55-7ba072341b31][tid:228][com.facebook.buck.core.build.engine.cache.manager.BuildCacheArtifactFetcher] Cache miss for '//app:bin_debug#aapt_package' with rulekey '1418043bfc2fcddde84e000d0f37df50704302bf'
[2018-07-30 06:28:47.048][debug][command:e7360b77-6137-4b21-9f55-7ba072341b31][tid:229][com.facebook.buck.core.build.engine.cache.manager.BuildCacheArtifactFetcher] Cache miss for '//app:src_debug#d8' with rulekey 'c9591f8d2b783b179fd25ddfb7010f1993eae210'
[2018-07-30 06:28:47.048][debug][command:e7360b77-6137-4b21-9f55-7ba072341b31][tid:228][com.facebook.buck.core.build.engine.cache.manager.BuildCacheArtifactFetcher] Cache miss for '//app:bin_debug#d8,dex_uber_r_dot_java' with rulekey 'fb75ec7c51ed06a8a77dab6edf46b3b17a55b9f8'
[2018-07-30 06:28:47.058][debug][command:e7360b77-6137-4b21-9f55-7ba072341b31][tid:226][com.facebook.buck.core.build.engine.cache.manager.BuildCacheArtifactFetcher] Cache miss for '//app:src_debug#d8' with rulekey 'a65501c22390584a809025d90243af3255976b7a'
[2018-07-30 06:28:47.058][debug][command:e7360b77-6137-4b21-9f55-7ba072341b31][tid:229][com.facebook.buck.core.build.engine.impl.CachingBuildRuleBuilder] Building locally: //app:bin_debug#aapt_package
[2018-07-30 06:28:47.058][debug][command:e7360b77-6137-4b21-9f55-7ba072341b31][tid:226][com.facebook.buck.core.build.engine.cache.manager.BuildCacheArtifactFetcher] Cache miss for '//app:bin_debug#compile_uber_r_dot_java' with rulekey 'd99141041d68b93f03c988953674a381722fbcb6'
[2018-07-30 06:28:47.058][debug][command:e7360b77-6137-4b21-9f55-7ba072341b31][tid:226][com.facebook.buck.core.build.engine.impl.CachingBuildRuleBuilder] Building locally: //app:src_debug#d8
[2018-07-30 06:28:47.059][debug][command:e7360b77-6137-4b21-9f55-7ba072341b31][tid:227][com.facebook.buck.core.build.engine.cache.manager.BuildCacheArtifactFetcher] Cache miss for '//app:bin_debug#trim_uber_r_dot_java' with rulekey '970d4be8fa9f979ac0fee9941d44e63896457922'
[2018-07-30 06:28:47.059][debug][command:e7360b77-6137-4b21-9f55-7ba072341b31][tid:226][com.facebook.buck.shell.ShellStep] Command: /Users/jack/Downloads/test/.buckd/resources/7aa70a6ddc1d3bb7629801a92f5b4dbfc7d477dc/dx --dex --no-optimize --force-jumbo --output /Users/jack/Downloads/test/buck-out/gen/app/src_debug#d8.dex.jar /Users/jack/Downloads/test/buck-out/gen/app/lib__src_debug__output/src_debug.jar
[2018-07-30 06:28:47.060][debug][command:e7360b77-6137-4b21-9f55-7ba072341b31][tid:227][com.facebook.buck.core.build.engine.cache.manager.BuildCacheArtifactFetcher] Cache miss for '//app:bin_debug#generate_rdot_java' with rulekey '9f208f44bc5153e5519c386fae8c18d5663184fd'
[2018-07-30 06:28:47.061][debug][command:e7360b77-6137-4b21-9f55-7ba072341b31][tid:229][com.facebook.buck.shell.ShellStep] Command: /Users/jack/Library/Android/sdk/build-tools/24.0.2/aapt package -f -G buck-out/gen/app/bin_debug#aapt_package/proguard/proguard.txt --auto-add-overlay -S buck-out/gen/app/res_debug#resources-symlink-tree/res -S buck-out/bin/.okbuck/cache/__unpack_com.antfortune.freeline--runtime--0.8.8.aar#aar_unzip__/res -S buck-out/bin/.okbuck/cache/__unpack_com.android.support.constraint--constraint-layout--1.1.2.aar#aar_unzip__/res -S buck-out/bin/.okbuck/cache/__unpack_com.android.support--support-vector-drawable--27.1.1.aar#aar_unzip__/res -S buck-out/bin/.okbuck/cache/__unpack_com.android.support--support-fragment--27.1.1.aar#aar_unzip__/res -S buck-out/bin/.okbuck/cache/__unpack_com.android.support--support-core-utils--27.1.1.aar#aar_unzip__/res -S buck-out/bin/.okbuck/cache/__unpack_com.android.support--support-core-ui--27.1.1.aar#aar_unzip__/res -S buck-out/bin/.okbuck/cache/__unpack_com.android.support--support-compat--27.1.1.aar#aar_unzip__/res -S buck-out/bin/.okbuck/cache/__unpack_com.android.support--appcompat-v7--27.1.1.aar#aar_unzip__/res -S buck-out/bin/.okbuck/cache/__unpack_com.android.support--animated-vector-drawable--27.1.1.aar#aar_unzip__/res -S buck-out/bin/.okbuck/cache/__unpack_android.arch.lifecycle--viewmodel--1.1.0.aar#aar_unzip__/res -S buck-out/bin/.okbuck/cache/__unpack_android.arch.lifecycle--runtime--1.1.0.aar#aar_unzip__/res -S buck-out/bin/.okbuck/cache/__unpack_android.arch.lifecycle--livedata-core--1.1.0.aar#aar_unzip__/res -S buck-out/bin/.okbuck/cache/__unpack_android.arch.core--runtime--1.1.0.aar#aar_unzip__/res --output-text-symbols buck-out/bin/app/__bin_debug#aapt_package_res_symbols__ -J buck-out/bin/app/__bin_debug#aapt_package_res_symbols__ -M buck-out/bin/app/__manifest_bin_debug#aapt_package__/AndroidManifest.xml -I /Users/jack/Library/Android/sdk/platforms/android-24/android.jar -F buck-out/gen/app/bin_debug#aapt_package.unsigned.ap_ --ignore-assets !.gitkeep:!.svn:!.git:!.ds_store:!*.scc:.*:<dir>_*:!CVS:!thumbs.db:!picasa.ini:!*~:*.orig --error-on-failed-insert
[2018-07-30 06:28:47.062][debug][command:e7360b77-6137-4b21-9f55-7ba072341b31][tid:229][com.facebook.buck.shell.ShellStep] Environment: PATH=/Users/jack/Library/Android/sdk/platform-tools/:/usr/local/bin:/usr/bin:/bin:/usr/sbin:/sbin:/Library/Frameworks/Mono.framework/Versions/Current/Commands:/Users/jack/Go/bin:/Users/jack/Library/Android/sdk/tools:/Users/jack/Library/Android/sdk/platform-tools:/Users/jack/Library/Android/sdk/android-ndk-r10e:/Users/jack/Library/Android/sdk/tools/bin NAILGUN_TTY_2=1 NAILGUN_TTY_1=1 NAILGUN_TTY_0=1 BUCK_CLASSPATH=/Users/jack/Downloads/test/.buckd/resources/7aa70a6ddc1d3bb7629801a92f5b4dbfc7d477dc/buck_server TERM=xterm-256color NAILGUN_FILESEPARATOR=/ LANG=zh_CN.UTF-8 ANDROID_HOME=/Users/jack/Library/Android/sdk VERSIONER_PYTHON_VERSION=2.7 BUCK_BUILD_ID=e7360b77-6137-4b21-9f55-7ba072341b31 LOGNAME=jack XPC_SERVICE_NAME=0 PWD=/Users/jack/Downloads/test TERM_PROGRAM_VERSION=404 NAILGUN_PATHSEPARATOR=: ANDROID_SDK=/Users/jack/Library/Android/sdk SHELL=/bin/bash TERM_PROGRAM=Apple_Terminal BUCK_PYTHON_SPACE_INIT_TIME=15 GOPATH=/Users/jack/Go OLDPWD=/Users/jack/Downloads/test USER=jack VERSIONER_PYTHON_PREFER_32_BIT=no ANDROID_NDK=/Users/jack/Library/Android/sdk/android-ndk-r10e CLASSPATH=/Users/jack/Downloads/test/.buckd/resources/7aa70a6ddc1d3bb7629801a92f5b4dbfc7d477dc/bootstrapper_jar BUCK_TERM_COLUMNS=80 TMPDIR=/var/folders/qj/vhdk8wf96t3c37rcvs1bzfx80000gn/T/ SSH_AUTH_SOCK=/private/tmp/com.apple.launchd.Umx8DMJVO0/Listeners GOBIN=/Users/jack/Go/bin XPC_FLAGS=0x0 TERM_SESSION_ID=11A5D02C-E158-4605-8F7A-12546B64D628 BUCK_TTY=1 __CF_USER_TEXT_ENCODING=0x1F5:0x19:0x34 Apple_PubSub_Socket_Render=/private/tmp/com.apple.launchd.4x4F3zAokt/Render SHLVL=1 HOME=/Users/jack
[2018-07-30 06:28:47.099][debug][command:null][tid:219][com.facebook.buck.util.ListeningProcessExecutor] Wait for process returned 0
[2018-07-30 06:28:47.099][debug][command:null][tid:219][com.facebook.buck.util.ListeningProcessExecutor] Wait for process returned 0
[2018-07-30 06:28:47.099][debug][command:null][tid:219][com.facebook.buck.util.ListeningProcessExecutor] Destroying process com.facebook.buck.util.ListeningProcessExecutor$LaunchedProcessImpl@5382aacb (force true)
[2018-07-30 06:28:47.099][debug][command:null][tid:219][com.facebook.buck.util.ListeningProcessExecutor] Destroying process com.facebook.buck.util.ListeningProcessExecutor$LaunchedProcessImpl@5382aacb (force true)
[2018-07-30 06:28:47.099][debug][command:null][tid:219][com.facebook.buck.util.environment.MacNetworkConfiguration] Determine WiFi SSID of device
[2018-07-30 06:28:47.099][debug][command:null][tid:219][com.facebook.buck.util.environment.MacNetworkConfiguration] Determine WiFi SSID of device
[2018-07-30 06:28:47.099][debug][command:null][tid:219][com.facebook.buck.util.ListeningProcessExecutor] Launching process with params ProcessExecutorParams{command=[networksetup, -getairportnetwork, en0]}
[2018-07-30 06:28:47.099][debug][command:null][tid:219][com.facebook.buck.util.ListeningProcessExecutor] Launching process with params ProcessExecutorParams{command=[networksetup, -getairportnetwork, en0]}
[2018-07-30 06:28:47.107][debug][command:null][tid:219][com.facebook.buck.util.ListeningProcessExecutor] Successfully launched process com.zaxxer.nuprocess.osx.OsxProcess@26a4e9ce
[2018-07-30 06:28:47.107][debug][command:null][tid:219][com.facebook.buck.util.ListeningProcessExecutor] Successfully launched process com.zaxxer.nuprocess.osx.OsxProcess@26a4e9ce
[2018-07-30 06:28:47.108][debug][command:null][tid:219][com.facebook.buck.util.ListeningProcessExecutor] Waiting for process com.facebook.buck.util.ListeningProcessExecutor$LaunchedProcessImpl@2bb56561 timeout 1000 MILLISECONDS
[2018-07-30 06:28:47.108][debug][command:null][tid:219][com.facebook.buck.util.ListeningProcessExecutor] Waiting for process com.facebook.buck.util.ListeningProcessExecutor$LaunchedProcessImpl@2bb56561 timeout 1000 MILLISECONDS
[2018-07-30 06:28:47.150][debug][command:null][tid:219][com.facebook.buck.util.ListeningProcessExecutor] Wait for process returned 0
[2018-07-30 06:28:47.150][debug][command:null][tid:219][com.facebook.buck.util.ListeningProcessExecutor] Wait for process returned 0
[2018-07-30 06:28:47.150][debug][command:null][tid:219][com.facebook.buck.util.ListeningProcessExecutor] Destroying process com.facebook.buck.util.ListeningProcessExecutor$LaunchedProcessImpl@2bb56561 (force true)
[2018-07-30 06:28:47.150][debug][command:null][tid:219][com.facebook.buck.util.ListeningProcessExecutor] Destroying process com.facebook.buck.util.ListeningProcessExecutor$LaunchedProcessImpl@2bb56561 (force true)
[2018-07-30 06:28:47.150][info ][command:null][tid:219][com.facebook.buck.util.versioncontrol.VersionControlStatsGenerator] Starting generation of version control stats.
[2018-07-30 06:28:47.150][info ][command:null][tid:219][com.facebook.buck.util.versioncontrol.VersionControlStatsGenerator] Starting generation of version control stats.
[2018-07-30 06:28:47.150][warn ][command:null][tid:219][com.facebook.buck.util.versioncontrol.VersionControlStatsGenerator] Skipping generation of version control stats as unsupported repository type.
[2018-07-30 06:28:47.150][warn ][command:null][tid:219][com.facebook.buck.util.versioncontrol.VersionControlStatsGenerator] Skipping generation of version control stats as unsupported repository type.
[2018-07-30 06:28:47.273][debug][command:e7360b77-6137-4b21-9f55-7ba072341b31][tid:226][com.facebook.buck.core.build.engine.impl.CachingBuildRuleBuilder] Build completed: dex_produced_from_java_library //app:src_debug#d8 (214473108ns)
[2018-07-30 06:28:47.500][warn ][command:e7360b77-6137-4b21-9f55-7ba072341b31][tid:220][com.facebook.buck.event.listener.LoggingBuildListener] [31mbuck-out/bin/.okbuck/cache/__unpack_com.android.support--appcompat-v7--27.1.1.aar#aar_unzip__/res/values-v26/values-v26.xml:15: error: Error: No resource found that matches the given name: attr 'android:keyboardNavigationCluster'.
[0m[31m
[0m
[2018-07-30 06:28:47.500][debug][command:e7360b77-6137-4b21-9f55-7ba072341b31][tid:229][com.facebook.buck.shell.ShellStep] [/Users/jack/Library/Android/sdk/build-tools/24.0.2/aapt, package, -f, -G, buck-out/gen/app/bin_debug#aapt_package/proguard/proguard.txt, --auto-add-overlay, -S, buck-out/gen/app/res_debug#resources-symlink-tree/res, -S, buck-out/bin/.okbuck/cache/__unpack_com.antfortune.freeline--runtime--0.8.8.aar#aar_unzip__/res, -S, buck-out/bin/.okbuck/cache/__unpack_com.android.support.constraint--constraint-layout--1.1.2.aar#aar_unzip__/res, -S, buck-out/bin/.okbuck/cache/__unpack_com.android.support--support-vector-drawable--27.1.1.aar#aar_unzip__/res, -S, buck-out/bin/.okbuck/cache/__unpack_com.android.support--support-fragment--27.1.1.aar#aar_unzip__/res, -S, buck-out/bin/.okbuck/cache/__unpack_com.android.support--support-core-utils--27.1.1.aar#aar_unzip__/res, -S, buck-out/bin/.okbuck/cache/__unpack_com.android.support--support-core-ui--27.1.1.aar#aar_unzip__/res, -S, buck-out/bin/.okbuck/cache/__unpack_com.android.support--support-compat--27.1.1.aar#aar_unzip__/res, -S, buck-out/bin/.okbuck/cache/__unpack_com.android.support--appcompat-v7--27.1.1.aar#aar_unzip__/res, -S, buck-out/bin/.okbuck/cache/__unpack_com.android.support--animated-vector-drawable--27.1.1.aar#aar_unzip__/res, -S, buck-out/bin/.okbuck/cache/__unpack_android.arch.lifecycle--viewmodel--1.1.0.aar#aar_unzip__/res, -S, buck-out/bin/.okbuck/cache/__unpack_android.arch.lifecycle--runtime--1.1.0.aar#aar_unzip__/res, -S, buck-out/bin/.okbuck/cache/__unpack_android.arch.lifecycle--livedata-core--1.1.0.aar#aar_unzip__/res, -S, buck-out/bin/.okbuck/cache/__unpack_android.arch.core--runtime--1.1.0.aar#aar_unzip__/res, --output-text-symbols, buck-out/bin/app/__bin_debug#aapt_package_res_symbols__, -J, buck-out/bin/app/__bin_debug#aapt_package_res_symbols__, -M, buck-out/bin/app/__manifest_bin_debug#aapt_package__/AndroidManifest.xml, -I, /Users/jack/Library/Android/sdk/platforms/android-24/android.jar, -F, buck-out/gen/app/bin_debug#aapt_package.unsigned.ap_, --ignore-assets, !.gitkeep:!.svn:!.git:!.ds_store:!*.scc:.*:<dir>_*:!CVS:!thumbs.db:!picasa.ini:!*~:*.orig, --error-on-failed-insert]: exit code: 1. os load (before, after): (3.329102, 3.329102). CPU count: 4.
stdout:

stderr:
[31mbuck-out/bin/.okbuck/cache/__unpack_com.android.support--appcompat-v7--27.1.1.aar#aar_unzip__/res/values-v26/values-v26.xml:15: error: Error: No resource found that matches the given name: attr 'android:keyboardNavigationCluster'.
[0m[31m
[0m

[2018-07-30 06:28:47.501][debug][command:e7360b77-6137-4b21-9f55-7ba072341b31][tid:228][com.facebook.buck.core.build.engine.impl.CachingBuildRuleBuilder] Building rule [//app:bin_debug#aapt_package] failed.
com.facebook.buck.step.StepFailedException: Command failed with exit code 1.
stderr: [31mbuck-out/bin/.okbuck/cache/__unpack_com.android.support--appcompat-v7--27.1.1.aar#aar_unzip__/res/values-v26/values-v26.xml:15: error: Error: No resource found that matches the given name: attr 'android:keyboardNavigationCluster'.
[0m[31m
[0m
  When running <aapt_package>.
	at com.facebook.buck.step.StepFailedException.createForFailingStepWithException(StepFailedException.java:63)
	at com.facebook.buck.step.StepFailedException.createForFailingStepWithExitCode(StepFailedException.java:55)
	at com.facebook.buck.step.DefaultStepRunner.runStepForBuildTarget(DefaultStepRunner.java:54)
	at com.facebook.buck.core.build.engine.impl.CachingBuildRuleBuilder$BuildRuleSteps.executeCommands(CachingBuildRuleBuilder.java:1358)
	at com.facebook.buck.core.build.engine.impl.CachingBuildRuleBuilder$BuildRuleSteps.executeCommandsNowThatDepsAreBuilt(CachingBuildRuleBuilder.java:1326)
	at com.facebook.buck.core.build.engine.impl.CachingBuildRuleBuilder$BuildRuleSteps.runWithExecutor(CachingBuildRuleBuilder.java:1285)
	at com.facebook.buck.core.build.engine.impl.CachingBuildRuleBuilder$BuildRuleSteps.run(CachingBuildRuleBuilder.java:1274)
	at com.facebook.buck.core.build.engine.impl.CachingBuildRuleBuilder$2.runWithDefaultExecutor(CachingBuildRuleBuilder.java:804)
	at com.facebook.buck.util.concurrent.WeightedListeningExecutorService.lambda$submit$2(WeightedListeningExecutorService.java:104)
	at com.facebook.buck.util.concurrent.WeightedListeningExecutorService.lambda$submitWithSemaphore$0(WeightedListeningExecutorService.java:78)
	at com.google.common.util.concurrent.AbstractTransformFuture$AsyncTransformFuture.doTransform(AbstractTransformFuture.java:211)
	at com.google.common.util.concurrent.AbstractTransformFuture$AsyncTransformFuture.doTransform(AbstractTransformFuture.java:200)
	at com.google.common.util.concurrent.AbstractTransformFuture.run(AbstractTransformFuture.java:111)
	at com.google.common.util.concurrent.MoreExecutors$5$1.run(MoreExecutors.java:992)
	at java.util.concurrent.ThreadPoolExecutor.runWorker(ThreadPoolExecutor.java:1149)
	at java.util.concurrent.ThreadPoolExecutor$Worker.run(ThreadPoolExecutor.java:624)
	at java.lang.Thread.run(Thread.java:748)
Caused by: com.facebook.buck.core.exceptions.HumanReadableException: Command failed with exit code 1.
stderr: [31mbuck-out/bin/.okbuck/cache/__unpack_com.android.support--appcompat-v7--27.1.1.aar#aar_unzip__/res/values-v26/values-v26.xml:15: error: Error: No resource found that matches the given name: attr 'android:keyboardNavigationCluster'.
[0m[31m
[0m
	at com.facebook.buck.step.StepFailedException.createForFailingStepWithExitCode(StepFailedException.java:56)
	... 15 more

[2018-07-30 06:28:47.502][debug][command:e7360b77-6137-4b21-9f55-7ba072341b31][tid:13][com.facebook.buck.util.ErrorLogger] Got an exception during the build.
com.facebook.buck.command.Build$BuildExecutionException: com.facebook.buck.util.exceptions.BuckUncheckedExecutionException: When building rule //app:bin_debug#aapt_package.
	at com.facebook.buck.command.Build.waitForBuildToFinish(Build.java:324)
	at com.facebook.buck.command.Build.waitForBuildToFinishAndPrintFailuresToEventBus(Build.java:410)
	at com.facebook.buck.command.Build.executeAndPrintFailuresToEventBus(Build.java:152)
	at com.facebook.buck.command.LocalBuildExecutor.buildLocallyAndReturnExitCode(LocalBuildExecutor.java:128)
	at com.facebook.buck.cli.BuildCommand.executeLocalBuild(BuildCommand.java:1410)
	at com.facebook.buck.cli.BuildCommand.executeBuildAndProcessResult(BuildCommand.java:592)
	at com.facebook.buck.cli.BuildCommand.run(BuildCommand.java:464)
	at com.facebook.buck.cli.BuildCommand.runWithoutHelp(BuildCommand.java:430)
	at com.facebook.buck.cli.AbstractCommand.run(AbstractCommand.java:307)
	at com.facebook.buck.cli.AbstractContainerCommand.run(AbstractContainerCommand.java:77)
	at com.facebook.buck.cli.Main.runMainWithExitCode(Main.java:1146)
	at com.facebook.buck.cli.Main.runMainThenExit(Main.java:422)
	at com.facebook.buck.cli.Main.nailMain(Main.java:2078)
	at sun.reflect.NativeMethodAccessorImpl.invoke0(Native Method)
	at sun.reflect.NativeMethodAccessorImpl.invoke(NativeMethodAccessorImpl.java:62)
	at sun.reflect.DelegatingMethodAccessorImpl.invoke(DelegatingMethodAccessorImpl.java:43)
	at java.lang.reflect.Method.invoke(Method.java:498)
	at com.martiansoftware.nailgun.NGSession.run(NGSession.java:280)
Caused by: com.facebook.buck.util.exceptions.BuckUncheckedExecutionException: When building rule //app:bin_debug#aapt_package.
	at com.facebook.buck.core.build.engine.impl.CachingBuildRuleBuilder.addBuildRuleContextToException(CachingBuildRuleBuilder.java:1116)
	at com.facebook.buck.core.build.engine.impl.CachingBuildRuleBuilder.lambda$build$5(CachingBuildRuleBuilder.java:395)
	at com.google.common.util.concurrent.AbstractCatchingFuture$AsyncCatchingFuture.doFallback(AbstractCatchingFuture.java:176)
	at com.google.common.util.concurrent.AbstractCatchingFuture$AsyncCatchingFuture.doFallback(AbstractCatchingFuture.java:163)
	at com.google.common.util.concurrent.AbstractCatchingFuture.run(AbstractCatchingFuture.java:107)
	at com.google.common.util.concurrent.MoreExecutors$DirectExecutor.execute(MoreExecutors.java:398)
	at com.google.common.util.concurrent.AbstractFuture.executeListener(AbstractFuture.java:1025)
	at com.google.common.util.concurrent.AbstractFuture.complete(AbstractFuture.java:866)
	at com.google.common.util.concurrent.AbstractFuture.setException(AbstractFuture.java:711)
	at com.google.common.util.concurrent.AbstractTransformFuture.run(AbstractTransformFuture.java:93)
	at com.google.common.util.concurrent.MoreExecutors$5$1.run(MoreExecutors.java:992)
	at com.facebook.buck.util.concurrent.WeightedListeningExecutorService.lambda$submit$2(WeightedListeningExecutorService.java:104)
	at com.facebook.buck.util.concurrent.WeightedListeningExecutorService.lambda$submitWithSemaphore$0(WeightedListeningExecutorService.java:78)
	at com.google.common.util.concurrent.AbstractTransformFuture$AsyncTransformFuture.doTransform(AbstractTransformFuture.java:211)
	at com.google.common.util.concurrent.AbstractTransformFuture$AsyncTransformFuture.doTransform(AbstractTransformFuture.java:200)
	at com.google.common.util.concurrent.AbstractTransformFuture.run(AbstractTransformFuture.java:111)
	at com.google.common.util.concurrent.MoreExecutors$5$1.run(MoreExecutors.java:992)
	at java.util.concurrent.ThreadPoolExecutor.runWorker(ThreadPoolExecutor.java:1149)
	at java.util.concurrent.ThreadPoolExecutor$Worker.run(ThreadPoolExecutor.java:624)
	at java.lang.Thread.run(Thread.java:748)
Caused by: com.facebook.buck.step.StepFailedException: Command failed with exit code 1.
stderr: [31mbuck-out/bin/.okbuck/cache/__unpack_com.android.support--appcompat-v7--27.1.1.aar#aar_unzip__/res/values-v26/values-v26.xml:15: error: Error: No resource found that matches the given name: attr 'android:keyboardNavigationCluster'.
[0m[31m
[0m
  When running <aapt_package>.
	at com.facebook.buck.step.StepFailedException.createForFailingStepWithException(StepFailedException.java:63)
	at com.facebook.buck.step.StepFailedException.createForFailingStepWithExitCode(StepFailedException.java:55)
	at com.facebook.buck.step.DefaultStepRunner.runStepForBuildTarget(DefaultStepRunner.java:54)
	at com.facebook.buck.core.build.engine.impl.CachingBuildRuleBuilder$BuildRuleSteps.executeCommands(CachingBuildRuleBuilder.java:1358)
	at com.facebook.buck.core.build.engine.impl.CachingBuildRuleBuilder$BuildRuleSteps.executeCommandsNowThatDepsAreBuilt(CachingBuildRuleBuilder.java:1326)
	at com.facebook.buck.core.build.engine.impl.CachingBuildRuleBuilder$BuildRuleSteps.runWithExecutor(CachingBuildRuleBuilder.java:1285)
	at com.facebook.buck.core.build.engine.impl.CachingBuildRuleBuilder$BuildRuleSteps.run(CachingBuildRuleBuilder.java:1274)
	at com.facebook.buck.core.build.engine.impl.CachingBuildRuleBuilder$2.runWithDefaultExecutor(CachingBuildRuleBuilder.java:804)
	... 9 more
Caused by: com.facebook.buck.core.exceptions.HumanReadableException: Command failed with exit code 1.
stderr: [31mbuck-out/bin/.okbuck/cache/__unpack_com.android.support--appcompat-v7--27.1.1.aar#aar_unzip__/res/values-v26/values-v26.xml:15: error: Error: No resource found that matches the given name: attr 'android:keyboardNavigationCluster'.
[0m[31m
[0m
	at com.facebook.buck.step.StepFailedException.createForFailingStepWithExitCode(StepFailedException.java:56)
	... 15 more

[2018-07-30 06:28:47.504][warn ][command:e7360b77-6137-4b21-9f55-7ba072341b31][tid:220][com.facebook.buck.event.listener.LoggingBuildListener] Build failed: Command failed with exit code 1.
stderr: [31mbuck-out/bin/.okbuck/cache/__unpack_com.android.support--appcompat-v7--27.1.1.aar#aar_unzip__/res/values-v26/values-v26.xml:15: error: Error: No resource found that matches the given name: attr 'android:keyboardNavigationCluster'.
[0m[31m
[0m
    When running <aapt_package>.
    When building rule //app:bin_debug#aapt_package.
[2018-07-30 06:28:47.506][info ][command:e7360b77-6137-4b21-9f55-7ba072341b31][tid:220][com.facebook.buck.event.listener.LoggingBuildListener] Build finished at 2018-07-30 06:28:47.505
[2018-07-30 06:28:47.507][debug][command:e7360b77-6137-4b21-9f55-7ba072341b31][tid:215][com.facebook.buck.util.perf.ProcessTracker] shutDown
[2018-07-30 06:28:47.507][debug][command:null][tid:214][com.google.common.util.concurrent.ServiceManager] Service PerfStatsTracking [TERMINATED] has terminated. Previous state was: STOPPING
[2018-07-30 06:28:47.507][debug][command:null][tid:214][com.google.common.util.concurrent.ServiceManager] Service PerfStatsTracking [TERMINATED] has terminated. Previous state was: STOPPING
[2018-07-30 06:28:47.507][debug][command:e7360b77-6137-4b21-9f55-7ba072341b31][tid:13][com.facebook.buck.event.listener.SuperConsoleEventBusListener] Stopping render scheduler
[2018-07-30 06:28:47.509][info ][command:e7360b77-6137-4b21-9f55-7ba072341b31][tid:13][com.facebook.buck.cli.Main] Awaiting termination of PROJECT executor service. Waiting for all jobs to complete, or up to maximum of 60 seconds...
[2018-07-30 06:28:47.509][info ][command:e7360b77-6137-4b21-9f55-7ba072341b31][tid:13][com.facebook.buck.cli.Main] Successfully terminated PROJECT executor service.
[2018-07-30 06:28:47.509][info ][command:e7360b77-6137-4b21-9f55-7ba072341b31][tid:13][com.facebook.buck.cli.Main] Awaiting termination of NETWORK executor service. Waiting for all jobs to complete, or up to maximum of 60 seconds...
[2018-07-30 06:28:47.509][info ][command:e7360b77-6137-4b21-9f55-7ba072341b31][tid:13][com.facebook.buck.cli.Main] Successfully terminated NETWORK executor service.
[2018-07-30 06:28:47.509][info ][command:e7360b77-6137-4b21-9f55-7ba072341b31][tid:13][com.facebook.buck.cli.Main] Awaiting termination of CPU executor service. Waiting for all jobs to complete, or up to maximum of 60 seconds...
[2018-07-30 06:28:47.509][info ][command:e7360b77-6137-4b21-9f55-7ba072341b31][tid:13][com.facebook.buck.cli.Main] Successfully terminated CPU executor service.
[2018-07-30 06:28:47.509][info ][command:e7360b77-6137-4b21-9f55-7ba072341b31][tid:13][com.facebook.buck.cli.Main] Awaiting termination of ScheduledExecutorService executor service. Waiting for all jobs to complete, or up to maximum of 60 seconds...
[2018-07-30 06:28:47.509][info ][command:e7360b77-6137-4b21-9f55-7ba072341b31][tid:13][com.facebook.buck.cli.Main] Successfully terminated ScheduledExecutorService executor service.
[2018-07-30 06:28:47.509][info ][command:e7360b77-6137-4b21-9f55-7ba072341b31][tid:13][com.facebook.buck.cli.Main] Awaiting termination of CounterAggregatorExecutor executor service. Waiting for all jobs to complete, or up to maximum of 20 seconds...
[2018-07-30 06:28:47.509][info ][command:e7360b77-6137-4b21-9f55-7ba072341b31][tid:13][com.facebook.buck.cli.Main] Successfully terminated CounterAggregatorExecutor executor service.
[2018-07-30 06:28:47.510][info ][command:e7360b77-6137-4b21-9f55-7ba072341b31][tid:13][com.facebook.buck.cli.Main] Awaiting termination of HTTP Read executor service. Waiting for all jobs to complete, or up to maximum of 1800 seconds...
[2018-07-30 06:28:47.510][info ][command:e7360b77-6137-4b21-9f55-7ba072341b31][tid:13][com.facebook.buck.cli.Main] Successfully terminated HTTP Read executor service.
[2018-07-30 06:28:47.510][info ][command:e7360b77-6137-4b21-9f55-7ba072341b31][tid:13][com.facebook.buck.cli.Main] Awaiting termination of Download Heavy Build HTTP Read executor service. Waiting for all jobs to complete, or up to maximum of 1800 seconds...
[2018-07-30 06:28:47.510][info ][command:e7360b77-6137-4b21-9f55-7ba072341b31][tid:13][com.facebook.buck.cli.Main] Successfully terminated Download Heavy Build HTTP Read executor service.
[2018-07-30 06:28:47.510][info ][command:e7360b77-6137-4b21-9f55-7ba072341b31][tid:13][com.facebook.buck.cli.Main] Awaiting termination of HTTP Write executor service. Waiting for all jobs to complete, or up to maximum of 1800 seconds...
[2018-07-30 06:28:47.510][info ][command:e7360b77-6137-4b21-9f55-7ba072341b31][tid:13][com.facebook.buck.cli.Main] Successfully terminated HTTP Write executor service.
[2018-07-30 06:28:47.510][info ][command:e7360b77-6137-4b21-9f55-7ba072341b31][tid:13][com.facebook.buck.cli.Main] Awaiting termination of Disk IO executor service. Waiting for all jobs to complete, or up to maximum of 10 seconds...
[2018-07-30 06:28:47.510][info ][command:e7360b77-6137-4b21-9f55-7ba072341b31][tid:13][com.facebook.buck.cli.Main] Successfully terminated Disk IO executor service.
[2018-07-30 06:28:47.510][debug][command:e7360b77-6137-4b21-9f55-7ba072341b31][tid:13][com.facebook.buck.event.listener.SuperConsoleEventBusListener] Stopping render scheduler
[2018-07-30 06:28:47.511][debug][command:e7360b77-6137-4b21-9f55-7ba072341b31][tid:13][com.facebook.buck.event.listener.ChromeTraceBuildListener] Writing Chrome trace to buck-out/log/2018-07-29_21h28m46s_buildcommand_e7360b77-6137-4b21-9f55-7ba072341b31/build.2018-07-30.06-28-46.e7360b77-6137-4b21-9f55-7ba072341b31.trace
[2018-07-30 06:28:47.511][debug][command:e7360b77-6137-4b21-9f55-7ba072341b31][tid:215][com.google.common.util.concurrent.ServiceManager] Service ProcessTracker [TERMINATED] has terminated. Previous state was: STOPPING
[2018-07-30 06:28:47.521][info ][command:e7360b77-6137-4b21-9f55-7ba072341b31][tid:13][com.facebook.buck.cli.Main] Awaiting termination of Dir Artifact executor service. Waiting for all jobs to complete, or up to maximum of 60 seconds...
[2018-07-30 06:28:47.521][info ][command:e7360b77-6137-4b21-9f55-7ba072341b31][tid:13][com.facebook.buck.cli.Main] Successfully terminated Dir Artifact executor service.
[2018-07-30 06:28:47.524][debug][command:null][tid:13][com.facebook.buck.cli.Main] Done.
[2018-07-30 06:28:47.524][info ][command:null][tid:13][com.martiansoftware.nailgun.NGSession] Nail cleanly exited with status 1
[2018-07-30 06:28:47.524][debug][command:null][tid:13][com.martiansoftware.nailgun.NGCommunicator] Shutting down socket for input
[2018-07-30 06:28:47.525][debug][command:null][tid:13][com.martiansoftware.nailgun.NGCommunicator] Shutting down socket for output
[2018-07-30 06:28:47.524][debug][command:null][tid:207][com.martiansoftware.nailgun.NGCommunicator] Socket is disconnected
[2018-07-30 06:28:47.525][debug][command:null][tid:13][com.martiansoftware.nailgun.NGCommunicator] Shutting down read ExecutorService
[2018-07-30 06:28:47.525][debug][command:null][tid:207][com.martiansoftware.nailgun.NGCommunicator] Nailgun client disconnected
[2018-07-30 06:28:47.525][debug][command:null][tid:207][com.martiansoftware.nailgun.NGCommunicator] Orchestrator thread finished
[2018-07-30 06:28:47.525][debug][command:null][tid:13][com.martiansoftware.nailgun.NGCommunicator] Shutting down orchestrator ExecutorService
[2018-07-30 06:28:47.525][debug][command:null][tid:13][com.martiansoftware.nailgun.NGSession] Closing client socket
[2018-07-30 06:28:47.525][debug][command:null][tid:13][com.martiansoftware.nailgun.NGSession] Waiting for next client to connect
[2018-07-30 06:31:31.343][debug][command:null][tid:14][com.martiansoftware.nailgun.NGSession] Client connected
[2018-07-30 06:31:31.345][debug][command:null][tid:235][com.martiansoftware.nailgun.NGCommunicator] Orchestrator thread started
[2018-07-30 06:31:31.346][debug][command:null][tid:14][com.martiansoftware.nailgun.NGCommunicator] Shutting down socket for input
[2018-07-30 06:31:31.346][debug][command:null][tid:14][com.martiansoftware.nailgun.NGCommunicator] Shutting down socket for output
[2018-07-30 06:31:31.346][debug][command:null][tid:14][com.martiansoftware.nailgun.NGCommunicator] Shutting down read ExecutorService
[2018-07-30 06:31:31.347][debug][command:null][tid:14][com.martiansoftware.nailgun.NGCommunicator] Shutting down orchestrator ExecutorService
[2018-07-30 06:31:31.347][debug][command:null][tid:235][com.martiansoftware.nailgun.NGCommunicator] Socket is disconnected
[2018-07-30 06:31:31.347][info ][command:null][tid:13][com.martiansoftware.nailgun.NGSession] NGSession shutting down
[2018-07-30 06:31:31.347][warn ][command:null][tid:14][com.martiansoftware.nailgun.NGCommunicator] Interruption is signaled in close(), terminating a thread forcefully
[2018-07-30 06:31:31.347][debug][command:null][tid:235][com.martiansoftware.nailgun.NGCommunicator] Nailgun client disconnected
[2018-07-30 06:31:31.347][debug][command:null][tid:235][com.martiansoftware.nailgun.NGCommunicator] Orchestrator thread finished
[2018-07-30 06:31:31.347][debug][command:null][tid:14][com.martiansoftware.nailgun.NGSession] Closing client socket
[2018-07-30 06:31:31.347][debug][command:null][tid:14][com.martiansoftware.nailgun.NGSession] Waiting for next client to connect
[2018-07-30 06:31:31.347][info ][command:null][tid:14][com.martiansoftware.nailgun.NGSession] NGSession shutting down
